{
  "RSpec": {
    "coverage": {
      "/Users/mitchellbayer-goldman/Projects/makersbnb/app/app.rb": [
        1,
        null,
        1,
        1,
        1,
        1,
        1,
        null,
        null,
        1,
        91,
        1,
        1,
        1,
        null,
        null,
        null,
        1,
        null,
        1,
        null,
        1,
        0,
        null,
        null,
        1,
        28,
        28,
        28,
        null,
        null,
        1,
        15,
        15,
        2,
        2,
        null,
        13,
        13,
        13,
        13,
        null,
        null,
        null,
        null,
        null,
        1,
        null
      ],
      "/Users/mitchellbayer-goldman/Projects/makersbnb/app/datamapper_setup.rb": [
        1,
        1,
        null,
        1,
        1,
        1,
        null,
        1,
        1,
        1
      ],
      "/Users/mitchellbayer-goldman/Projects/makersbnb/app/models/user.rb": [
        1,
        1,
        null,
        1,
        1,
        null,
        1,
        1,
        1,
        1,
        1,
        null,
        1,
        1,
        1,
        1,
        1,
        null,
        1,
        0,
        0,
        0,
        null,
        null,
        null,
        null,
        null
      ],
      "/Users/mitchellbayer-goldman/Projects/makersbnb/app/models/space.rb": [

      ],
      "/Users/mitchellbayer-goldman/Projects/makersbnb/app/models/request.rb": [

      ],
      "/Users/mitchellbayer-goldman/Projects/makersbnb/app/helpers.rb": [
        1,
        1,
        0,
        null,
        null
      ],
      "/Users/mitchellbayer-goldman/Projects/makersbnb/spec/helpers/session.rb": [
        1,
        1,
        0,
        0,
        0,
        0,
        0,
        0,
        null,
        null,
        1,
        0,
        0,
        0,
        0,
        null,
        null
      ]
    },
    "timestamp": 1486467717
  }
}
