{
  "RSpec": {
    "coverage": {
      "/Users/micawhitby/Desktop/Makers/makersbnb/app/app.rb": [
        1,
        null,
        1,
        1,
        null,
        1,
        null,
        null,
        1,
        null,
        1,
        1,
        null,
        1,
        null,
        null,
        1,
        0,
        null,
        null,
        null,
        1,
        null
      ],
      "/Users/micawhitby/Desktop/Makers/makersbnb/app/datamapper_setup.rb": [
        1,
        1,
        null,
        1,
        1,
        1,
        null,
        1,
        1,
        1
      ],
      "/Users/micawhitby/Desktop/Makers/makersbnb/app/models/user.rb": [

      ],
      "/Users/micawhitby/Desktop/Makers/makersbnb/app/models/space.rb": [
        null,
        1,
        1,
        null,
        1,
        1,
        1,
        1,
        1,
        null,
        null,
        null
      ],
      "/Users/micawhitby/Desktop/Makers/makersbnb/app/models/request.rb": [

      ]
    },
    "timestamp": 1486469028
  }
}
